[debug] [2021-03-02T23:15:12.991Z] ----------------------------------------------------------------------
[debug] [2021-03-02T23:15:12.992Z] Command:       C:\Program Files\nodejs\node.exe C:\Users\sander\AppData\Roaming\npm\node_modules\firebase-tools\lib\bin\firebase.js init
[debug] [2021-03-02T23:15:12.993Z] CLI Version:   9.5.0
[debug] [2021-03-02T23:15:12.993Z] Platform:      win32
[debug] [2021-03-02T23:15:12.993Z] Node Version:  v12.18.2
[debug] [2021-03-02T23:15:12.994Z] Time:          Tue Mar 02 2021 16:15:12 GMT-0700 (Mountain Standard Time)
[debug] [2021-03-02T23:15:12.994Z] ----------------------------------------------------------------------
[debug] [2021-03-02T23:15:12.994Z] 
[debug] [2021-03-02T23:15:12.999Z] > command requires scopes: ["email","openid","https://www.googleapis.com/auth/cloudplatformprojects.readonly","https://www.googleapis.com/auth/firebase","https://www.googleapis.com/auth/cloud-platform"]
[debug] [2021-03-02T23:15:12.999Z] > authorizing via signed-in user
[info] 
     ######## #### ########  ######## ########     ###     ######  ########
     ##        ##  ##     ## ##       ##     ##  ##   ##  ##       ##
     ######    ##  ########  ######   ########  #########  ######  ######
     ##        ##  ##    ##  ##       ##     ## ##     ##       ## ##
     ##       #### ##     ## ######## ########  ##     ##  ######  ########

You're about to initialize a Firebase project in this directory:

  C:\Users\sander\Documents\GitHub\fileapp-frontend

Before we get started, keep in mind:

  * You are initializing in an existing Firebase project directory

[info] 
=== Project Setup
[info] 
[info] First, let's associate this project directory with a Firebase project.
[info] You can create multiple project aliases by running firebase use --add, 
[info] but for now we'll just set up a default project.
[info] 
[info] i  .firebaserc already has a default project, using db-filesharing. 
[debug] [2021-03-02T23:15:18.469Z] > refreshing access token with scopes: []
[debug] [2021-03-02T23:15:18.469Z] >>> HTTP REQUEST POST https://www.googleapis.com/oauth2/v3/token  
 <request body omitted>
[debug] [2021-03-02T23:15:18.833Z] <<< HTTP RESPONSE 200 {"pragma":"no-cache","expires":"Mon, 01 Jan 1990 00:00:00 GMT","date":"Tue, 02 Mar 2021 23:15:17 GMT","cache-control":"no-cache, no-store, max-age=0, must-revalidate","content-type":"application/json; charset=utf-8","vary":"X-Origin, Referer, Origin,Accept-Encoding","server":"scaffolding on HTTPServer2","x-xss-protection":"0","x-frame-options":"SAMEORIGIN","x-content-type-options":"nosniff","alt-svc":"h3-29=\":443\"; ma=2592000,h3-T051=\":443\"; ma=2592000,h3-Q050=\":443\"; ma=2592000,h3-Q046=\":443\"; ma=2592000,h3-Q043=\":443\"; ma=2592000,quic=\":443\"; ma=2592000; v=\"46,43\"","accept-ranges":"none","transfer-encoding":"chunked"}
[debug] [2021-03-02T23:15:18.840Z] >>> [apiv2][query] GET https://firebase.googleapis.com/v1beta1/projects/db-filesharing [none]
[debug] [2021-03-02T23:15:19.094Z] <<< [apiv2][status] GET https://firebase.googleapis.com/v1beta1/projects/db-filesharing 200
[debug] [2021-03-02T23:15:19.095Z] <<< [apiv2][body] GET https://firebase.googleapis.com/v1beta1/projects/db-filesharing {"projectId":"db-filesharing","projectNumber":"52802046581","displayName":"db-filesharing","name":"projects/db-filesharing","resources":{"hostingSite":"db-filesharing"},"state":"ACTIVE"}
[info] 
=== Hosting Setup
[info] 
[info] Your public directory is the folder (relative to your project directory) that
[info] will contain Hosting assets to be uploaded with firebase deploy. If you
[info] have a build process for your assets, use your build's output directory.
[info] 
[debug] [2021-03-02T23:15:28.774Z] >>> [apiv2][query] GET https://www.gstatic.com/firebasejs/releases.json [none]
[debug] [2021-03-02T23:15:28.938Z] <<< [apiv2][status] GET https://www.gstatic.com/firebasejs/releases.json 200
[debug] [2021-03-02T23:15:28.938Z] <<< [apiv2][body] GET https://www.gstatic.com/firebasejs/releases.json {"current":{"version":"8.2.9","browserURL":"https://www.gstatic.com/firebasejs/8.2.9/firebase.js","packageURL":"https://www.gstatic.com/firebasejs/8.2.9/firebase.tgz"},"live":{"version":"8.2","browserURL":"https://www.gstatic.com/firebasejs/live/8.2/firebase.js","packageURL":"https://www.gstatic.com/firebasejs/live/8.2/firebase.tgz"},"components":{"analytics":"https://www.gstatic.com/firebasejs/8.2.9/firebase-analytics.js","app":"https://www.gstatic.com/firebasejs/8.2.9/firebase-app.js","auth":"https://www.gstatic.com/firebasejs/8.2.9/firebase-auth.js","database":"https://www.gstatic.com/firebasejs/8.2.9/firebase-database.js","firestore":"https://www.gstatic.com/firebasejs/8.2.9/firebase-firestore.js","functions":"https://www.gstatic.com/firebasejs/8.2.9/firebase-functions.js","installations":"https://www.gstatic.com/firebasejs/8.2.9/firebase-installations.js","messaging":"https://www.gstatic.com/firebasejs/8.2.9/firebase-messaging.js","storage":"https://www.gstatic.com/firebasejs/8.2.9/firebase-storage.js","performance":"https://www.gstatic.com/firebasejs/8.2.9/firebase-performance.js","remote-config":"https://www.gstatic.com/firebasejs/8.2.9/firebase-remote-config.js","firestore.memory":"https://www.gstatic.com/firebasejs/8.2.9/firebase-firestore.memory.js"}}
[info] i  Skipping write of build/index.html 
[info] 
[info] i  Detected a .git folder at C:\Users\sander\Documents\GitHub\fileapp-frontend 
[info] i  Authorizing with GitHub to upload your service account to a GitHub repository's secrets store. 
[info] 
[info] Visit this URL on this device to log in:
[info] https://github.com/login/oauth/authorize?client_id=89cf50f02ac6aaed3484&state=479395272&redirect_uri=http%3A%2F%2Flocalhost%3A9005&scope=read%3Auser%20repo%20public_repo
[info] 
[info] Waiting for authentication...
[debug] [2021-03-02T23:15:31.303Z] >>> HTTP REQUEST POST https://github.com/login/oauth/access_token  
 {"client_id":"89cf50f02ac6aaed3484","client_secret":"3330d14abc895d9a74d5f17cd7a00711fa2c5bf0","code":"a39bd98cbd69a4a3ed5b","redirect_uri":"http://localhost:9005","state":"479395272"}
[debug] [2021-03-02T23:15:31.709Z] <<< HTTP RESPONSE 200 {"server":"GitHub.com","date":"Tue, 02 Mar 2021 23:15:30 GMT","content-type":"application/json; charset=utf-8","transfer-encoding":"chunked","vary":"X-PJAX, Accept-Encoding, Accept, X-Requested-With","etag":"W/\"6cce72643bf098ed51e65d75e8ab2816\"","cache-control":"max-age=0, private, must-revalidate","strict-transport-security":"max-age=31536000; includeSubdomains; preload","x-frame-options":"deny","x-content-type-options":"nosniff","x-xss-protection":"1; mode=block","referrer-policy":"origin-when-cross-origin, strict-origin-when-cross-origin","expect-ct":"max-age=2592000, report-uri=\"https://api.github.com/_private/browser/errors\"","content-security-policy":"default-src 'none'; base-uri 'self'; block-all-mixed-content; connect-src 'self' uploads.github.com www.githubstatus.com collector.githubapp.com api.github.com github-cloud.s3.amazonaws.com github-production-repository-file-5c1aeb.s3.amazonaws.com github-production-upload-manifest-file-7fdce7.s3.amazonaws.com github-production-user-asset-6210df.s3.amazonaws.com cdn.optimizely.com logx.optimizely.com/v1/events wss://alive.github.com; font-src github.githubassets.com; form-action 'self' github.com gist.github.com; frame-ancestors 'none'; frame-src render.githubusercontent.com; img-src 'self' data: github.githubassets.com identicons.github.com collector.githubapp.com github-cloud.s3.amazonaws.com user-images.githubusercontent.com/ *.githubusercontent.com; manifest-src 'self'; media-src 'none'; script-src github.githubassets.com; style-src 'unsafe-inline' github.githubassets.com; worker-src github.com/socket-worker-5029ae85.js gist.github.com/socket-worker-5029ae85.js","x-github-request-id":"EA15:77D9:7A889F:A447B4:603EC711"}
[debug] [2021-03-02T23:15:31.713Z] >>> [apiv2][query] GET https://api.github.com/user [none]
[debug] [2021-03-02T23:15:32.151Z] <<< [apiv2][status] GET https://api.github.com/user 200
[debug] [2021-03-02T23:15:32.151Z] <<< [apiv2][body] GET https://api.github.com/user {"login":"stephensander1161","id":57675208,"node_id":"MDQ6VXNlcjU3Njc1MjA4","avatar_url":"https://avatars.githubusercontent.com/u/57675208?v=4","gravatar_id":"","url":"https://api.github.com/users/stephensander1161","html_url":"https://github.com/stephensander1161","followers_url":"https://api.github.com/users/stephensander1161/followers","following_url":"https://api.github.com/users/stephensander1161/following{/other_user}","gists_url":"https://api.github.com/users/stephensander1161/gists{/gist_id}","starred_url":"https://api.github.com/users/stephensander1161/starred{/owner}{/repo}","subscriptions_url":"https://api.github.com/users/stephensander1161/subscriptions","organizations_url":"https://api.github.com/users/stephensander1161/orgs","repos_url":"https://api.github.com/users/stephensander1161/repos","events_url":"https://api.github.com/users/stephensander1161/events{/privacy}","received_events_url":"https://api.github.com/users/stephensander1161/received_events","type":"User","site_admin":false,"name":null,"company":null,"blog":"","location":null,"email":null,"hireable":null,"bio":null,"twitter_username":null,"public_repos":26,"public_gists":0,"followers":0,"following":0,"created_at":"2019-11-12T15:07:15Z","updated_at":"2021-03-02T18:59:41Z","private_gists":0,"total_private_repos":2,"owned_private_repos":2,"disk_usage":413937,"collaborators":0,"two_factor_authentication":false,"plan":{"name":"free","space":976562499,"collaborators":0,"private_repos":10000}}
[info] 
[info] +  Success! Logged into GitHub as stephensander1161 
[info] 
[debug] [2021-03-02T23:15:46.742Z] >>> [apiv2][query] GET https://api.github.com/repos/stephensander1161/fileapp-frontend/actions/secrets/public-key type=owner
[debug] [2021-03-02T23:15:47.212Z] <<< [apiv2][status] GET https://api.github.com/repos/stephensander1161/fileapp-frontend/actions/secrets/public-key 404
[debug] [2021-03-02T23:15:47.212Z] <<< [apiv2][body] GET https://api.github.com/repos/stephensander1161/fileapp-frontend/actions/secrets/public-key {"message":"Not Found","documentation_url":"https://docs.github.com/rest/reference/actions#get-a-repository-public-key"}
